# JRE version: OpenJDK Runtime Environment (8.0_242-b01) (build 1.8.0_242-release-1644-b01)
# Java VM: OpenJDK 64-Bit Server VM (25.242-b01 mixed mode windows-amd64 compressed oops)
Heap:
 PSYoungGen      total 522752K, used 246451K [0x00000000d5580000, 0x0000000100000000, 0x0000000100000000)
  eden space 348672K, 66% used [0x00000000d5580000,0x00000000e39063e8,0x00000000eaa00000)
  from space 174080K, 7% used [0x00000000f5500000,0x00000000f6226880,0x00000000fff00000)
  to   space 175104K, 0% used [0x00000000eaa00000,0x00000000eaa00000,0x00000000f5500000)
 ParOldGen       total 720896K, used 602267K [0x0000000080000000, 0x00000000ac000000, 0x00000000d5580000)
  object space 720896K, 83% used [0x0000000080000000,0x00000000a4c26c68,0x00000000ac000000)
 Metaspace       used 140421K, capacity 153932K, committed 154072K, reserved 1183744K
  class space    used 17782K, capacity 20159K, committed 20224K, reserved 1048576K
GC Heap History (10 events):
Event: 13248.273 GC heap before
{Heap before GC invocations=70 (full 4):
 PSYoungGen      total 467968K, used 467670K [0x00000000d5580000, 0x0000000100000000, 0x0000000100000000)
  eden space 344576K, 100% used [0x00000000d5580000,0x00000000ea600000,0x00000000ea600000)
  from space 123392K, 99% used [0x00000000ea600000,0x00000000f1e35a10,0x00000000f1e80000)
  to   space 184320K, 0% used [0x00000000f4c00000,0x00000000f4c00000,0x0000000100000000)
 ParOldGen       total 720896K, used 499513K [0x0000000080000000, 0x00000000ac000000, 0x00000000d5580000)
  object space 720896K, 69% used [0x0000000080000000,0x000000009e7ce7b8,0x00000000ac000000)
 Metaspace       used 140356K, capacity 153920K, committed 154072K, reserved 1183744K
  class space    used 17781K, capacity 20157K, committed 20224K, reserved 1048576K
Event: 13248.310 GC heap after
Heap after GC invocations=70 (full 4):
 PSYoungGen      total 512512K, used 112862K [0x00000000d5580000, 0x0000000100000000, 0x0000000100000000)
  eden space 328192K, 0% used [0x00000000d5580000,0x00000000d5580000,0x00000000e9600000)
  from space 184320K, 61% used [0x00000000f4c00000,0x00000000fba378b8,0x0000000100000000)
  to   space 185344K, 0% used [0x00000000e9600000,0x00000000e9600000,0x00000000f4b00000)
 ParOldGen       total 720896K, used 510844K [0x0000000080000000, 0x00000000ac000000, 0x00000000d5580000)
  object space 720896K, 70% used [0x0000000080000000,0x000000009f2df188,0x00000000ac000000)
 Metaspace       used 140356K, capacity 153920K, committed 154072K, reserved 1183744K
  class space    used 17781K, capacity 20157K, committed 20224K, reserved 1048576K
}
Event: 13248.484 GC heap before
{Heap before GC invocations=71 (full 4):
 PSYoungGen      total 512512K, used 441054K [0x00000000d5580000, 0x0000000100000000, 0x0000000100000000)
  eden space 328192K, 100% used [0x00000000d5580000,0x00000000e9600000,0x00000000e9600000)
  from space 184320K, 61% used [0x00000000f4c00000,0x00000000fba378b8,0x0000000100000000)
  to   space 185344K, 0% used [0x00000000e9600000,0x00000000e9600000,0x00000000f4b00000)
 ParOldGen       total 720896K, used 510844K [0x0000000080000000, 0x00000000ac000000, 0x00000000d5580000)
  object space 720896K, 70% used [0x0000000080000000,0x000000009f2df188,0x00000000ac000000)
 Metaspace       used 140356K, capacity 153920K, committed 154072K, reserved 1183744K
  class space    used 17781K, capacity 20157K, committed 20224K, reserved 1048576K
Event: 13248.520 GC heap after
Heap after GC invocations=71 (full 4):
 PSYoungGen      total 414720K, used 86025K [0x00000000d5580000, 0x00000000fee00000, 0x0000000100000000)
  eden space 328192K, 0% used [0x00000000d5580000,0x00000000d5580000,0x00000000e9600000)
  from space 86528K, 99% used [0x00000000e9600000,0x00000000eea02410,0x00000000eea80000)
  to   space 175616K, 0% used [0x00000000f4280000,0x00000000f4280000,0x00000000fee00000)
 ParOldGen       total 720896K, used 542223K [0x0000000080000000, 0x00000000ac000000, 0x00000000d5580000)
  object space 720896K, 75% used [0x0000000080000000,0x00000000a1183fd8,0x00000000ac000000)
 Metaspace       used 140356K, capacity 153920K, committed 154072K, reserved 1183744K
  class space    used 17781K, capacity 20157K, committed 20224K, reserved 1048576K
}
Event: 13248.788 GC heap before
{Heap before GC invocations=72 (full 4):
 PSYoungGen      total 414720K, used 414217K [0x00000000d5580000, 0x00000000fee00000, 0x0000000100000000)
  eden space 328192K, 100% used [0x00000000d5580000,0x00000000e9600000,0x00000000e9600000)
  from space 86528K, 99% used [0x00000000e9600000,0x00000000eea02410,0x00000000eea80000)
  to   space 175616K, 0% used [0x00000000f4280000,0x00000000f4280000,0x00000000fee00000)
 ParOldGen       total 720896K, used 542223K [0x0000000080000000, 0x00000000ac000000, 0x00000000d5580000)
  object space 720896K, 75% used [0x0000000080000000,0x00000000a1183fd8,0x00000000ac000000)
 Metaspace       used 140358K, capacity 153920K, committed 154072K, reserved 1183744K
  class space    used 17781K, capacity 20157K, committed 20224K, reserved 1048576K
Event: 13248.825 GC heap after
Heap after GC invocations=72 (full 4):
 PSYoungGen      total 506880K, used 44642K [0x00000000d5580000, 0x0000000100000000, 0x0000000100000000)
  eden space 331264K, 0% used [0x00000000d5580000,0x00000000d5580000,0x00000000e9900000)
  from space 175616K, 25% used [0x00000000f4280000,0x00000000f6e188f8,0x00000000fee00000)
  to   space 173568K, 0% used [0x00000000e9900000,0x00000000e9900000,0x00000000f4280000)
 ParOldGen       total 720896K, used 580652K [0x0000000080000000, 0x00000000ac000000, 0x00000000d5580000)
  object space 720896K, 80% used [0x0000000080000000,0x00000000a370b1a0,0x00000000ac000000)
 Metaspace       used 140358K, capacity 153920K, committed 154072K, reserved 1183744K
  class space    used 17781K, capacity 20157K, committed 20224K, reserved 1048576K
}
Event: 13249.307 GC heap before
{Heap before GC invocations=73 (full 4):
 PSYoungGen      total 506880K, used 375906K [0x00000000d5580000, 0x0000000100000000, 0x0000000100000000)
  eden space 331264K, 100% used [0x00000000d5580000,0x00000000e9900000,0x00000000e9900000)
  from space 175616K, 25% used [0x00000000f4280000,0x00000000f6e188f8,0x00000000fee00000)
  to   space 173568K, 0% used [0x00000000e9900000,0x00000000e9900000,0x00000000f4280000)
 ParOldGen       total 720896K, used 580652K [0x0000000080000000, 0x00000000ac000000, 0x00000000d5580000)
  object space 720896K, 80% used [0x0000000080000000,0x00000000a370b1a0,0x00000000ac000000)
 Metaspace       used 140373K, capacity 153920K, committed 154072K, reserved 1183744K
  class space    used 17781K, capacity 20157K, committed 20224K, reserved 1048576K
Event: 13249.320 GC heap after
Heap after GC invocations=73 (full 4):
 PSYoungGen      total 504832K, used 23078K [0x00000000d5580000, 0x00000000fff00000, 0x0000000100000000)
  eden space 331264K, 0% used [0x00000000d5580000,0x00000000d5580000,0x00000000e9900000)
  from space 173568K, 13% used [0x00000000e9900000,0x00000000eaf89970,0x00000000f4280000)
  to   space 174080K, 0% used [0x00000000f5500000,0x00000000f5500000,0x00000000fff00000)
 ParOldGen       total 720896K, used 596152K [0x0000000080000000, 0x00000000ac000000, 0x00000000d5580000)
  object space 720896K, 82% used [0x0000000080000000,0x00000000a462e0d8,0x00000000ac000000)
 Metaspace       used 140373K, capacity 153920K, committed 154072K, reserved 1183744K
  class space    used 17781K, capacity 20157K, committed 20224K, reserved 1048576K
}
Event: 13250.160 GC heap before
{Heap before GC invocations=74 (full 4):
 PSYoungGen      total 504832K, used 354339K [0x00000000d5580000, 0x00000000fff00000, 0x0000000100000000)
  eden space 331264K, 99% used [0x00000000d5580000,0x00000000e98ff648,0x00000000e9900000)
  from space 173568K, 13% used [0x00000000e9900000,0x00000000eaf89970,0x00000000f4280000)
  to   space 174080K, 0% used [0x00000000f5500000,0x00000000f5500000,0x00000000fff00000)
 ParOldGen       total 720896K, used 596152K [0x0000000080000000, 0x00000000ac000000, 0x00000000d5580000)
  object space 720896K, 82% used [0x0000000080000000,0x00000000a462e0d8,0x00000000ac000000)
 Metaspace       used 140377K, capacity 153920K, committed 154072K, reserved 1183744K
  class space    used 17781K, capacity 20157K, committed 20224K, reserved 1048576K
Event: 13250.168 GC heap after
Heap after GC invocations=74 (full 4):
 PSYoungGen      total 522752K, used 13466K [0x00000000d5580000, 0x0000000100000000, 0x0000000100000000)
  eden space 348672K, 0% used [0x00000000d5580000,0x00000000d5580000,0x00000000eaa00000)
  from space 174080K, 7% used [0x00000000f5500000,0x00000000f6226880,0x00000000fff00000)
  to   space 175104K, 0% used [0x00000000eaa00000,0x00000000eaa00000,0x00000000f5500000)
 ParOldGen       total 720896K, used 602267K [0x0000000080000000, 0x00000000ac000000, 0x00000000d5580000)
  object space 720896K, 83% used [0x0000000080000000,0x00000000a4c26c68,0x00000000ac000000)
 Metaspace       used 140377K, capacity 153920K, committed 154072K, reserved 1183744K
  class space    used 17781K, capacity 20157K, committed 20224K, reserved 1048576K
}

